<?xml version="1.0" encoding="UTF-8"?>
<testng-results ignored="0" total="4" passed="4" failed="0" skipped="0">
  <reporter-output>
  </reporter-output>
  <suite started-at="2023-05-14T21:33:09Z" name="Suite" finished-at="2023-05-14T21:33:14Z" duration-ms="5267">
    <groups>
    </groups>
    <test started-at="2023-05-14T21:33:09Z" name="Test" finished-at="2023-05-14T21:33:14Z" duration-ms="5267">
      <class name="smarttechTestChalange.ParallelTesting">
        <test-method signature="senatyTest()[pri:0, instance:smarttechTestChalange.ParallelTesting@17d88132]" started-at="2023-05-14T21:33:09Z" name="senatyTest" finished-at="2023-05-14T21:33:13Z" duration-ms="4391" status="PASS">
          <reporter-output>
          </reporter-output>
        </test-method> <!-- senatyTest -->
        <test-method signature="regressionTest()[pri:0, instance:smarttechTestChalange.ParallelTesting@17d88132]" started-at="2023-05-14T21:33:09Z" name="regressionTest" finished-at="2023-05-14T21:33:14Z" duration-ms="5251" status="PASS">
          <reporter-output>
          </reporter-output>
        </test-method> <!-- regressionTest -->
        <test-method signature="functionalTest()[pri:0, instance:smarttechTestChalange.ParallelTesting@17d88132]" started-at="2023-05-14T21:33:09Z" name="functionalTest" finished-at="2023-05-14T21:33:12Z" duration-ms="3647" status="PASS">
          <reporter-output>
          </reporter-output>
        </test-method> <!-- functionalTest -->
        <test-method signature="smokeTest()[pri:0, instance:smarttechTestChalange.ParallelTesting@17d88132]" started-at="2023-05-14T21:33:09Z" name="smokeTest" finished-at="2023-05-14T21:33:12Z" duration-ms="3645" status="PASS">
          <reporter-output>
          </reporter-output>
        </test-method> <!-- smokeTest -->
      </class> <!-- smarttechTestChalange.ParallelTesting -->
    </test> <!-- Test -->
  </suite> <!-- Suite -->
</testng-results>
